生成启动时间为 2016/1/13 10:14:39。
     1>项目“C:\Users\lenovo\Desktop\calculator9\calculator\calculator.vcxproj”在节点 2 上(build 个目标)。
     1>InitializeBuildStatus:
         正在创建“Debug\calculator.unsuccessfulbuild”，因为已指定“AlwaysCreate”。
       ClCompile:
         所有输出均为最新。
         所有输出均为最新。
       ResourceCompile:
         所有输出均为最新。
       ManifestResourceCompile:
         所有输出均为最新。
       Link:
         所有输出均为最新。
       Manifest:
         c:\Program Files (x86)\Microsoft SDKs\Windows\v7.0A\bin\mt.exe /nologo /verbose /out:"Debug\calculator.exe.embed.manifest" /manifest Debug\calculator.exe.intermediate.manifest "c:\Users\lenovo\Desktop\新建文件夹 (2)\VC\Include\Manifest\dpiaware.manifest"
         所有输出均为最新。
       FinalizeBuildStatus:
         正在删除文件“Debug\calculator.unsuccessfulbuild”。
         正在对“Debug\calculator.lastbuildstate”执行 Touch 任务。
     1>已完成生成项目“C:\Users\lenovo\Desktop\calculator9\calculator\calculator.vcxproj”(build 个目标)的操作。

生成成功。

已用时间 00:00:00.25
