C:\USERS\JSZX\DESKTOP\CALCULATOR\CALCULATOR\DEBUG\CALCULATOR.EXE.EMBED.MANIFEST
C:\USERS\JSZX\DESKTOP\CALCULATOR\CALCULATOR\DEBUG\CALCULATOR.EXE.EMBED.MANIFEST.RES
C:\Users\jszx\Desktop\calculator\calculator\Debug\calculator.exe.intermediate.manifest
C:\USERS\JSZX\DESKTOP\CALCULATOR\CALCULATOR\DEBUG\CALCULATOR.OBJ
C:\USERS\JSZX\DESKTOP\CALCULATOR\CALCULATOR\DEBUG\CALCULATOR.PCH
C:\USERS\JSZX\DESKTOP\CALCULATOR\CALCULATOR\DEBUG\CALCULATOR.RES
C:\Users\jszx\Desktop\calculator\calculator\Debug\calculator_manifest.rc
C:\USERS\JSZX\DESKTOP\CALCULATOR\CALCULATOR\DEBUG\CALCULATORDLG.OBJ
C:\Users\jszx\Desktop\calculator\calculator\Debug\cl.command.1.tlog
C:\Users\jszx\Desktop\calculator\calculator\Debug\CL.read.1.tlog
C:\Users\jszx\Desktop\calculator\calculator\Debug\CL.write.1.tlog
C:\Users\jszx\Desktop\calculator\calculator\Debug\link.3468.read.1.tlog
C:\Users\jszx\Desktop\calculator\calculator\Debug\link.3468.write.1.tlog
C:\Users\jszx\Desktop\calculator\calculator\Debug\link.3468-cvtres.read.1.tlog
C:\Users\jszx\Desktop\calculator\calculator\Debug\link.3468-cvtres.write.1.tlog
C:\Users\jszx\Desktop\calculator\calculator\Debug\link.command.1.tlog
C:\Users\jszx\Desktop\calculator\calculator\Debug\link.read.1.tlog
C:\Users\jszx\Desktop\calculator\calculator\Debug\link.write.1.tlog
C:\Users\jszx\Desktop\calculator\calculator\Debug\link-cvtres.read.1.tlog
C:\Users\jszx\Desktop\calculator\calculator\Debug\link-cvtres.write.1.tlog
C:\Users\jszx\Desktop\calculator\calculator\Debug\mt.command.1.tlog
C:\Users\jszx\Desktop\calculator\calculator\Debug\mt.read.1.tlog
C:\Users\jszx\Desktop\calculator\calculator\Debug\mt.write.1.tlog
C:\Users\jszx\Desktop\calculator\calculator\Debug\rc.command.1.tlog
C:\Users\jszx\Desktop\calculator\calculator\Debug\rc.read.1.tlog
C:\Users\jszx\Desktop\calculator\calculator\Debug\rc.write.1.tlog
C:\USERS\JSZX\DESKTOP\CALCULATOR\CALCULATOR\DEBUG\STDAFX.OBJ
C:\Users\jszx\Desktop\calculator\calculator\Debug\vc100.idb
C:\USERS\JSZX\DESKTOP\CALCULATOR\CALCULATOR\DEBUG\VC100.PDB
C:\Users\jszx\Desktop\calculator\Debug\calculator.pdb
